0 verbose cli D:\NODE\app\node.exe D:\NODE\app\node_modules\npm\bin\npm-cli.js
1 info using npm@9.6.4
2 info using node@v20.1.0
3 timing npm:load:whichnode Completed in 2ms
4 timing config:load:defaults Completed in 1ms
5 timing config:load:file:D:\NODE\app\node_modules\npm\npmrc Completed in 2ms
6 timing config:load:builtin Completed in 2ms
7 timing config:load:cli Completed in 1ms
8 timing config:load:env Completed in 1ms
9 timing config:load:file:D:\NODE\work\.npmrc Completed in 0ms
10 timing config:load:project Completed in 3ms
11 timing config:load:file:C:\Users\ALUNO\.npmrc Completed in 1ms
12 timing config:load:user Completed in 1ms
13 timing config:load:file:D:\NODE\app\etc\npmrc Completed in 0ms
14 timing config:load:global Completed in 0ms
15 timing config:load:setEnvs Completed in 1ms
16 timing config:load Completed in 10ms
17 timing npm:load:configload Completed in 10ms
18 timing npm:load:mkdirpcache Completed in 0ms
19 timing npm:load:mkdirplogs Completed in 1ms
20 verbose title npm install package
21 verbose argv "install" "package"
22 timing npm:load:setTitle Completed in 1ms
23 timing config:load:flatten Completed in 2ms
24 timing npm:load:display Completed in 2ms
25 verbose logfile logs-max:10 dir:D:\NODE\cache\_logs\2023-05-04T20_52_08_749Z-
26 verbose logfile D:\NODE\cache\_logs\2023-05-04T20_52_08_749Z-debug-0.log
27 timing npm:load:logFile Completed in 7ms
28 timing npm:load:timers Completed in 0ms
29 timing npm:load:configScope Completed in 0ms
30 timing npm:load Completed in 23ms
31 timing config:load:flatten Completed in 1ms
32 timing arborist:ctor Completed in 1ms
33 silly logfile done cleaning log files
34 timing idealTree:init Completed in 8ms
35 timing idealTree:userRequests Completed in 1ms
36 silly idealTree buildDeps
37 silly fetch manifest package@*
38 http fetch GET 200 https://registry.npmjs.org/npm 931ms (cache miss)
39 http fetch GET 200 https://registry.npmjs.org/package 889ms (cache miss)
40 silly placeDep ROOT package@1.0.1 OK for:  want: *
41 timing idealTree:#root Completed in 894ms
42 timing idealTree:node_modules/package Completed in 0ms
43 timing idealTree:buildDeps Completed in 896ms
44 timing idealTree:fixDepFlags Completed in 0ms
45 timing idealTree Completed in 907ms
46 timing reify:loadTrees Completed in 908ms
47 timing reify:diffTrees Completed in 1ms
48 silly reify moves {}
49 timing reify:retireShallow Completed in 1ms
50 timing reify:createSparse Completed in 3ms
51 timing reify:loadBundles Completed in 0ms
52 silly tarball no local data for package@https://registry.npmjs.org/package/-/package-1.0.1.tgz. Extracting by manifest.
53 http fetch GET 200 https://registry.npmjs.org/package/-/package-1.0.1.tgz 426ms (cache miss)
54 timing reifyNode:node_modules/package Completed in 451ms
55 timing reify:unpack Completed in 451ms
56 timing reify:unretire Completed in 0ms
57 timing build:queue Completed in 1ms
58 timing build:deps Completed in 1ms
59 timing build Completed in 1ms
60 timing reify:build Completed in 1ms
61 timing reify:trash Completed in 0ms
62 timing reify:save Completed in 46ms
63 timing reify Completed in 1501ms
64 silly ADD node_modules/package
65 timing command:install Completed in 1506ms
66 notice
66 notice New [32mpatch[39m version of npm available! [31m9.6.4[39m -> [32m9.6.6[39m
66 notice Changelog: [36mhttps://github.com/npm/cli/releases/tag/v9.6.6[39m
66 notice Run [32mnpm install -g npm@9.6.6[39m to update!
66 notice
67 verbose exit 0
68 timing npm Completed in 1544ms
69 info ok
