0 verbose cli D:\NODE\app\node.exe D:\NODE\app\node_modules\npm\bin\npm-cli.js
1 info using npm@9.6.4
2 info using node@v20.1.0
3 timing npm:load:whichnode Completed in 1ms
4 timing config:load:defaults Completed in 2ms
5 timing config:load:file:D:\NODE\app\node_modules\npm\npmrc Completed in 2ms
6 timing config:load:builtin Completed in 2ms
7 timing config:load:cli Completed in 1ms
8 timing config:load:env Completed in 1ms
9 timing config:load:file:D:\NODE\work\.npmrc Completed in 0ms
10 timing config:load:project Completed in 3ms
11 timing config:load:file:C:\Users\ALUNO\.npmrc Completed in 0ms
12 timing config:load:user Completed in 0ms
13 timing config:load:file:D:\NODE\app\etc\npmrc Completed in 1ms
14 timing config:load:global Completed in 1ms
15 timing config:load:setEnvs Completed in 1ms
16 timing config:load Completed in 11ms
17 timing npm:load:configload Completed in 11ms
18 timing npm:load:mkdirpcache Completed in 0ms
19 timing npm:load:mkdirplogs Completed in 0ms
20 verbose title npm install
21 verbose argv "install"
22 timing npm:load:setTitle Completed in 1ms
23 timing config:load:flatten Completed in 2ms
24 timing npm:load:display Completed in 3ms
25 verbose logfile logs-max:10 dir:D:\NODE\cache\_logs\2023-05-04T20_51_20_727Z-
26 verbose logfile D:\NODE\cache\_logs\2023-05-04T20_51_20_727Z-debug-0.log
27 timing npm:load:logFile Completed in 7ms
28 timing npm:load:timers Completed in 0ms
29 timing npm:load:configScope Completed in 0ms
30 timing npm:load Completed in 23ms
31 timing config:load:flatten Completed in 1ms
32 timing arborist:ctor Completed in 1ms
33 silly logfile done cleaning log files
34 timing arborist:ctor Completed in 0ms
35 timing idealTree:init Completed in 10ms
36 timing idealTree:userRequests Completed in 0ms
37 silly idealTree buildDeps
38 timing idealTree:#root Completed in 0ms
39 timing idealTree:buildDeps Completed in 1ms
40 timing idealTree:fixDepFlags Completed in 0ms
41 timing idealTree Completed in 11ms
42 timing reify:loadTrees Completed in 12ms
43 timing reify:diffTrees Completed in 0ms
44 silly reify moves {}
45 timing reify:retireShallow Completed in 1ms
46 timing reify:createSparse Completed in 0ms
47 timing reify:loadBundles Completed in 0ms
48 timing reify:unpack Completed in 0ms
49 timing reify:unretire Completed in 0ms
50 timing build:queue Completed in 0ms
51 timing build:deps Completed in 1ms
52 timing build Completed in 1ms
53 timing reify:build Completed in 1ms
54 timing reify:trash Completed in 0ms
55 timing reify:save Completed in 44ms
56 timing reify Completed in 119ms
57 timing command:install Completed in 122ms
58 verbose stack Error: ENOENT: no such file or directory, open 'D:\NODE\work\package.json'
59 verbose cwd D:\NODE\work
60 verbose Windows_NT 10.0.19045
61 verbose node v20.1.0
62 verbose npm  v9.6.4
63 error code ENOENT
64 error syscall open
65 error path D:\NODE\work/package.json
66 error errno -4058
67 error enoent ENOENT: no such file or directory, open 'D:\NODE\work\package.json'
68 error enoent This is related to npm not being able to find a file.
68 error enoent
69 verbose exit -4058
70 timing npm Completed in 515ms
71 verbose code -4058
72 error A complete log of this run can be found in: D:\NODE\cache\_logs\2023-05-04T20_51_20_727Z-debug-0.log
