0 verbose cli D:\NODE\app\node.exe D:\NODE\app\node_modules\npm\bin\npm-cli.js
1 info using npm@9.6.4
2 info using node@v20.1.0
3 timing npm:load:whichnode Completed in 2ms
4 timing config:load:defaults Completed in 1ms
5 timing config:load:file:D:\NODE\app\node_modules\npm\npmrc Completed in 5ms
6 timing config:load:builtin Completed in 5ms
7 timing config:load:cli Completed in 1ms
8 timing config:load:env Completed in 0ms
9 timing config:load:file:D:\NODE\app\.npmrc Completed in 0ms
10 timing config:load:project Completed in 1ms
11 timing config:load:file:C:\Users\ALUNO\.npmrc Completed in 0ms
12 timing config:load:user Completed in 0ms
13 timing config:load:file:D:\NODE\app\etc\npmrc Completed in 1ms
14 timing config:load:global Completed in 1ms
15 timing config:load:setEnvs Completed in 0ms
16 timing config:load Completed in 10ms
17 timing npm:load:configload Completed in 10ms
18 timing npm:load:mkdirpcache Completed in 1ms
19 timing npm:load:mkdirplogs Completed in 0ms
20 verbose title npm
21 verbose argv
22 timing npm:load:setTitle Completed in 0ms
23 timing config:load:flatten Completed in 2ms
24 timing npm:load:display Completed in 3ms
25 verbose logfile logs-max:10 dir:D:\NODE\cache\_logs\2023-05-04T21_20_23_840Z-
26 verbose logfile D:\NODE\cache\_logs\2023-05-04T21_20_23_840Z-debug-0.log
27 timing npm:load:logFile Completed in 7ms
28 timing npm:load:timers Completed in 0ms
29 timing npm:load:configScope Completed in 0ms
30 timing npm:load Completed in 23ms
31 verbose exit 0
32 timing npm Completed in 28ms
33 info ok
